ERROR - 07:01:30 15-06-2016 --> Severity: Parsing Error --> syntax error, unexpected ';' C:\xampp\htdocs\sav\application\controllers\Quiz.php 579
ERROR - 07:01:36 15-06-2016 --> Severity: Parsing Error --> syntax error, unexpected ';' C:\xampp\htdocs\sav\application\controllers\Quiz.php 579
ERROR - 07:01:46 15-06-2016 --> Severity: Parsing Error --> syntax error, unexpected ';' C:\xampp\htdocs\sav\application\controllers\Quiz.php 579
ERROR - 07:01:47 15-06-2016 --> Severity: Parsing Error --> syntax error, unexpected ';' C:\xampp\htdocs\sav\application\controllers\Quiz.php 579
ERROR - 07:01:48 15-06-2016 --> Severity: Parsing Error --> syntax error, unexpected ';' C:\xampp\htdocs\sav\application\controllers\Quiz.php 579
ERROR - 07:01:48 15-06-2016 --> Severity: Parsing Error --> syntax error, unexpected ';' C:\xampp\htdocs\sav\application\controllers\Quiz.php 579
ERROR - 07:01:48 15-06-2016 --> Severity: Parsing Error --> syntax error, unexpected ';' C:\xampp\htdocs\sav\application\controllers\Quiz.php 579
ERROR - 07:01:48 15-06-2016 --> Severity: Parsing Error --> syntax error, unexpected ';' C:\xampp\htdocs\sav\application\controllers\Quiz.php 579
ERROR - 07:01:48 15-06-2016 --> Severity: Parsing Error --> syntax error, unexpected ';' C:\xampp\htdocs\sav\application\controllers\Quiz.php 579
ERROR - 07:38:40 15-06-2016 --> Severity: Parsing Error --> syntax error, unexpected '}' C:\xampp\htdocs\sav\application\models\Quiz_model.php 88
ERROR - 07:40:29 15-06-2016 --> Severity: Warning --> explode() expects parameter 2 to be string, array given C:\xampp\htdocs\sav\application\models\Quiz_model.php 76
ERROR - 07:40:58 15-06-2016 --> Severity: Warning --> explode() expects parameter 2 to be string, array given C:\xampp\htdocs\sav\application\models\Quiz_model.php 76
ERROR - 07:43:21 15-06-2016 --> Query error: Unknown column '$quid' in 'where clause' - Invalid query: Select uids from savsoft_quiz where quid = $quid
ERROR - 07:44:09 15-06-2016 --> Query error: Unknown column '$quid' in 'where clause' - Invalid query: select uids from savsoft_quiz where quid = $quid
ERROR - 07:47:31 15-06-2016 --> Severity: 4096 --> Object of class stdClass could not be converted to string C:\xampp\htdocs\sav\application\models\Quiz_model.php 77
ERROR - 07:47:49 15-06-2016 --> Severity: 4096 --> Object of class stdClass could not be converted to string C:\xampp\htdocs\sav\application\models\Quiz_model.php 77
ERROR - 07:48:36 15-06-2016 --> Severity: Error --> Cannot use object of type stdClass as array C:\xampp\htdocs\sav\application\models\Quiz_model.php 77
ERROR - 07:48:56 15-06-2016 --> Severity: Error --> Cannot use object of type stdClass as array C:\xampp\htdocs\sav\application\models\Quiz_model.php 77
ERROR - 07:52:05 15-06-2016 --> Severity: Parsing Error --> syntax error, unexpected ')' C:\xampp\htdocs\sav\application\models\Quiz_model.php 74
VED - 08:45:29 15-06-2016 --> User 1 logged out
VED - 08:47:05 15-06-2016 --> User 1 logged in
ERROR - 08:51:42 15-06-2016 --> Severity: Error --> Call to undefined function get_email_user() C:\xampp\htdocs\sav\application\controllers\Quiz.php 584
VED - 14:27:19 15-06-2016 --> User 1 logged in
VED - 14:34:46 15-06-2016 --> User 1 logged out
VED - 14:34:53 15-06-2016 --> User 1 logged in
ERROR - 15:12:52 15-06-2016 --> 404 Page Not Found: Permission/add_new
ERROR - 15:13:37 15-06-2016 --> Severity: error --> Exception: Unable to locate the model you have specified: Permission_model C:\xampp\htdocs\sav\system\core\Loader.php 344
ERROR - 16:20:32 15-06-2016 --> Severity: Error --> Call to undefined method Permission_model::insert_permission() C:\xampp\htdocs\sav\application\controllers\Permission.php 41
VED - 16:21:11 15-06-2016 --> User 1 inserted category 
ERROR - 16:21:24 15-06-2016 --> 404 Page Not Found: Permission/remove_permissiony
ERROR - 16:24:53 15-06-2016 --> 404 Page Not Found: Permission/remove_permissiony
ERROR - 16:25:03 15-06-2016 --> Severity: Warning --> Missing argument 1 for Permission::remove_permission() C:\xampp\htdocs\sav\application\controllers\Permission.php 75
ERROR - 16:25:03 15-06-2016 --> Severity: Error --> Call to undefined method Permission_model::remove_permission() C:\xampp\htdocs\sav\application\controllers\Permission.php 82
ERROR - 16:27:04 15-06-2016 --> Severity: Warning --> Missing argument 1 for Permission::remove_permission() C:\xampp\htdocs\sav\application\controllers\Permission.php 71
ERROR - 16:27:04 15-06-2016 --> Severity: Error --> Call to undefined method Permission_model::remove_permission() C:\xampp\htdocs\sav\application\controllers\Permission.php 78
ERROR - 16:27:06 15-06-2016 --> Severity: Warning --> Missing argument 1 for Permission::remove_permission() C:\xampp\htdocs\sav\application\controllers\Permission.php 71
ERROR - 16:27:06 15-06-2016 --> Severity: Error --> Call to undefined method Permission_model::remove_permission() C:\xampp\htdocs\sav\application\controllers\Permission.php 78
ERROR - 16:27:32 15-06-2016 --> Severity: Warning --> Missing argument 1 for Permission::remove_permission() C:\xampp\htdocs\sav\application\controllers\Permission.php 71
ERROR - 16:27:32 15-06-2016 --> Severity: Error --> Call to undefined method Permission_model::remove_permission() C:\xampp\htdocs\sav\application\controllers\Permission.php 78
ERROR - 16:27:33 15-06-2016 --> Severity: Warning --> Missing argument 1 for Permission::remove_permission() C:\xampp\htdocs\sav\application\controllers\Permission.php 71
ERROR - 16:27:33 15-06-2016 --> Severity: Error --> Call to undefined method Permission_model::remove_permission() C:\xampp\htdocs\sav\application\controllers\Permission.php 78
VED - 16:27:58 15-06-2016 --> User 1 update permission 1
ERROR - 16:29:48 15-06-2016 --> Severity: Error --> Call to undefined method Permission_model::remove_permission() C:\xampp\htdocs\sav\application\controllers\Permission.php 78
VED - 16:30:12 15-06-2016 --> User 1 remove permission 1
